2026-02-05 00:01:27 [http-nio-8080-exec-3] INFO  o.e.n.s.impl.TrainerAuthServiceImpl - Trainer logged out
2026-02-05 00:02:31 [http-nio-8080-exec-7] DEBUG o.e.n.service.impl.FeedServiceImpl - Generating feed for user: 698385aa26a9e7e6bf3dbe9c
2026-02-05 00:02:35 [http-nio-8080-exec-8] DEBUG o.e.n.service.impl.FeedServiceImpl - Generating feed for user: 698385aa26a9e7e6bf3dbe9c
2026-02-05 00:02:35 [http-nio-8080-exec-9] DEBUG o.e.n.service.impl.FeedServiceImpl - Generating feed for user: 698385aa26a9e7e6bf3dbe9c
2026-02-05 00:02:36 [http-nio-8080-exec-10] DEBUG o.e.n.service.impl.FeedServiceImpl - Generating feed for user: 698385aa26a9e7e6bf3dbe9c
2026-02-05 00:02:37 [http-nio-8080-exec-1] DEBUG o.e.n.service.impl.FeedServiceImpl - Generating feed for user: 698385aa26a9e7e6bf3dbe9c
2026-02-05 00:02:37 [http-nio-8080-exec-2] DEBUG o.e.n.service.impl.FeedServiceImpl - Generating feed for user: 698385aa26a9e7e6bf3dbe9c
2026-02-05 00:02:47 [http-nio-8080-exec-3] DEBUG o.e.n.service.impl.FeedServiceImpl - Generating feed for user: 698385aa26a9e7e6bf3dbe9c
2026-02-05 00:02:52 [http-nio-8080-exec-4] DEBUG o.e.n.service.impl.FeedServiceImpl - Generating feed for user: 698385aa26a9e7e6bf3dbe9c
2026-02-05 00:02:53 [http-nio-8080-exec-5] DEBUG o.e.n.service.impl.FeedServiceImpl - Generating feed for user: 698385aa26a9e7e6bf3dbe9c
2026-02-05 00:02:54 [http-nio-8080-exec-6] DEBUG o.e.n.service.impl.FeedServiceImpl - Generating feed for user: 698385aa26a9e7e6bf3dbe9c
2026-02-05 00:02:55 [http-nio-8080-exec-7] DEBUG o.e.n.service.impl.FeedServiceImpl - Generating feed for user: 698385aa26a9e7e6bf3dbe9c
2026-02-05 00:07:18 [http-nio-8080-exec-10] DEBUG o.e.n.service.impl.FeedServiceImpl - Generating feed for user: 698385aa26a9e7e6bf3dbe9c
2026-02-05 00:07:19 [http-nio-8080-exec-1] DEBUG o.e.n.service.impl.FeedServiceImpl - Generating feed for user: 698385aa26a9e7e6bf3dbe9c
2026-02-05 00:07:20 [http-nio-8080-exec-2] DEBUG o.e.n.service.impl.FeedServiceImpl - Generating feed for user: 698385aa26a9e7e6bf3dbe9c
2026-02-05 00:07:22 [http-nio-8080-exec-3] DEBUG o.e.n.service.impl.FeedServiceImpl - Generating feed for user: 698385aa26a9e7e6bf3dbe9c
2026-02-05 00:09:19 [SpringApplicationShutdownHook] INFO  o.s.boot.tomcat.GracefulShutdown - Commencing graceful shutdown. Waiting for active requests to complete
2026-02-05 00:09:21 [tomcat-shutdown] INFO  o.s.boot.tomcat.GracefulShutdown - Graceful shutdown complete
2026-02-05 00:09:24 [main] INFO  o.example.nexfit.NexFitApplication - Starting NexFitApplication using Java 17.0.6 with PID 92754 (/Users/kritip/Pokemon/NexFit-BE/target/classes started by kritip in /Users/kritip/Pokemon/NexFit-BE)
2026-02-05 00:09:24 [main] DEBUG o.example.nexfit.NexFitApplication - Running with Spring Boot v4.0.0, Spring v7.0.1
2026-02-05 00:09:24 [main] INFO  o.example.nexfit.NexFitApplication - The following 1 profile is active: "local"
2026-02-05 00:09:24 [main] INFO  o.s.d.r.c.RepositoryConfigurationDelegate - Bootstrapping Spring Data MongoDB repositories in DEFAULT mode.
2026-02-05 00:09:24 [main] INFO  o.s.d.r.c.RepositoryConfigurationDelegate - Finished Spring Data repository scanning in 24 ms. Found 13 MongoDB repository interfaces.
2026-02-05 00:09:24 [main] INFO  o.s.boot.tomcat.TomcatWebServer - Tomcat initialized with port 8080 (http)
2026-02-05 00:09:24 [main] INFO  o.a.catalina.core.StandardService - Starting service [Tomcat]
2026-02-05 00:09:24 [main] INFO  o.a.catalina.core.StandardEngine - Starting Servlet engine: [Apache Tomcat/11.0.14]
2026-02-05 00:09:24 [main] INFO  o.s.b.w.c.s.WebApplicationContextInitializer - Root WebApplicationContext: initialization completed in 607 ms
2026-02-05 00:09:24 [main] INFO  org.mongodb.driver.client - MongoClient with metadata {"driver": {"name": "mongo-java-driver|sync", "version": "5.6.1"}, "os": {"type": "Darwin", "name": "Mac OS X", "architecture": "aarch64", "version": "15.2"}, "platform": "Java/Amazon.com Inc./17.0.6+10-LTS"} created with settings MongoClientSettings{readPreference=primary, writeConcern=WriteConcern{w=null, wTimeout=null ms, journal=null}, retryWrites=true, retryReads=true, readConcern=ReadConcern{level=null}, credential=null, transportSettings=null, commandListeners=[], codecRegistry=ProvidersCodecRegistry{codecProviders=[ValueCodecProvider{}, BsonValueCodecProvider{}, DBRefCodecProvider{}, DBObjectCodecProvider{}, DocumentCodecProvider{}, CollectionCodecProvider{}, IterableCodecProvider{}, MapCodecProvider{}, GeoJsonCodecProvider{}, GridFSFileCodecProvider{}, Jsr310CodecProvider{}, JsonObjectCodecProvider{}, BsonCodecProvider{}, com.mongodb.client.model.mql.ExpressionCodecProvider@410382cb, com.mongodb.Jep395RecordCodecProvider@399f5daf, com.mongodb.KotlinCodecProvider@c4cceb, EnumCodecProvider{}]}, loggerSettings=LoggerSettings{maxDocumentLength=1000}, clusterSettings={hosts=[localhost:27017], srvServiceName=mongodb, mode=SINGLE, requiredClusterType=UNKNOWN, requiredReplicaSetName='null', serverSelector='null', clusterListeners='[]', serverSelectionTimeout='30000 ms', localThreshold='15 ms'}, socketSettings=SocketSettings{connectTimeoutMS=10000, readTimeoutMS=0, receiveBufferSize=0, proxySettings=ProxySettings{host=null, port=null, username=null, password=null}}, heartbeatSocketSettings=SocketSettings{connectTimeoutMS=10000, readTimeoutMS=10000, receiveBufferSize=0, proxySettings=ProxySettings{host=null, port=null, username=null, password=null}}, connectionPoolSettings=ConnectionPoolSettings{maxSize=100, minSize=0, maxWaitTimeMS=120000, maxConnectionLifeTimeMS=0, maxConnectionIdleTimeMS=0, maintenanceInitialDelayMS=0, maintenanceFrequencyMS=60000, connectionPoolListeners=[], maxConnecting=2}, serverSettings=ServerSettings{heartbeatFrequencyMS=10000, minHeartbeatFrequencyMS=500, serverMonitoringMode=AUTO, serverListeners='[]', serverMonitorListeners='[]'}, sslSettings=SslSettings{enabled=false, invalidHostNameAllowed=false, context=null}, applicationName='null', compressorList=[], uuidRepresentation=UNSPECIFIED, serverApi=null, autoEncryptionSettings=null, dnsClient=null, inetAddressResolver=null, contextProvider=null, timeoutMS=null}
2026-02-05 00:09:24 [cluster-ClusterId{value='6983925cc5c7224f5ad60906', description='null'}-localhost:27017] INFO  org.mongodb.driver.cluster - Monitor thread successfully connected to server with description ServerDescription{address=localhost:27017, type=STANDALONE, cryptd=false, state=CONNECTED, ok=true, minWireVersion=0, maxWireVersion=13, maxDocumentSize=16777216, logicalSessionTimeoutMinutes=30, roundTripTimeNanos=9161417, minRoundTripTimeNanos=0}
2026-02-05 00:09:24 [main] DEBUG o.e.n.s.JwtAuthenticationFilter - Filter 'jwtAuthenticationFilter' configured for use
2026-02-05 00:09:24 [main] DEBUG o.e.n.s.TrainerJwtAuthenticationFilter - Filter 'trainerJwtAuthenticationFilter' configured for use
2026-02-05 00:09:25 [main] INFO  o.s.s.c.a.a.c.InitializeAuthenticationProviderBeanManagerConfigurer$InitializeAuthenticationProviderManagerConfigurer - Global AuthenticationManager configured with AuthenticationProvider bean with name authenticationProvider
2026-02-05 00:09:25 [main] WARN  o.s.s.c.a.a.c.InitializeUserDetailsBeanManagerConfigurer$InitializeUserDetailsManagerConfigurer - Global AuthenticationManager configured with an AuthenticationProvider bean. UserDetailsService beans will not be used by Spring Security for automatically configuring username/password login. Consider removing the AuthenticationProvider bean. Alternatively, consider using the UserDetailsService in a manually instantiated DaoAuthenticationProvider. If the current configuration is intentional, to turn off this warning, increase the logging level of 'org.springframework.security.config.annotation.authentication.configuration.InitializeUserDetailsBeanManagerConfigurer' to ERROR
2026-02-05 00:09:25 [main] INFO  o.e.n.service.impl.S3ServiceImpl - S3 service initialized successfully with bucket: nexfit-media-prod
2026-02-05 00:09:25 [main] INFO  o.e.n.s.impl.LaunchDarklyServiceImpl - LaunchDarkly disabled or SDK key not provided
2026-02-05 00:09:26 [main] INFO  o.s.b.a.e.web.EndpointLinksResolver - Exposing 3 endpoints beneath base path '/actuator'
2026-02-05 00:09:26 [main] INFO  o.s.boot.tomcat.TomcatWebServer - Tomcat started on port 8080 (http) with context path '/api/v1'
2026-02-05 00:09:26 [main] INFO  o.example.nexfit.NexFitApplication - Started NexFitApplication in 2.588 seconds (process running for 2.845)
2026-02-05 00:09:26 [main] INFO  o.example.nexfit.config.DataSeeder - Seeder skipped: user/trainer data already exists.
2026-02-05 00:09:26 [RMI TCP Connection(4)-192.168.29.46] INFO  o.a.c.c.C.[.[localhost].[/api/v1] - Initializing Spring DispatcherServlet 'dispatcherServlet'
2026-02-05 00:09:26 [RMI TCP Connection(4)-192.168.29.46] INFO  o.s.web.servlet.DispatcherServlet - Initializing Servlet 'dispatcherServlet'
2026-02-05 00:09:26 [RMI TCP Connection(4)-192.168.29.46] INFO  o.s.web.servlet.DispatcherServlet - Completed initialization in 1 ms
2026-02-05 00:09:31 [http-nio-8080-exec-1] DEBUG o.e.n.service.impl.FeedServiceImpl - Generating feed for user: 698385aa26a9e7e6bf3dbe9c
2026-02-05 00:09:33 [http-nio-8080-exec-2] DEBUG o.e.n.service.impl.FeedServiceImpl - Generating feed for user: 698385aa26a9e7e6bf3dbe9c
2026-02-05 00:09:34 [http-nio-8080-exec-3] DEBUG o.e.n.service.impl.FeedServiceImpl - Generating feed for user: 698385aa26a9e7e6bf3dbe9c
2026-02-05 00:09:35 [http-nio-8080-exec-4] DEBUG o.e.n.service.impl.FeedServiceImpl - Generating feed for user: 698385aa26a9e7e6bf3dbe9c
2026-02-05 00:09:37 [http-nio-8080-exec-5] INFO  o.e.n.s.i.AuthenticationServiceImpl - User logged out
2026-02-05 00:09:43 [http-nio-8080-exec-7] DEBUG o.e.n.service.impl.FeedServiceImpl - Generating feed for user: 698385aa26a9e7e6bf3dbe9c
2026-02-05 00:09:45 [http-nio-8080-exec-8] DEBUG o.e.n.service.impl.FeedServiceImpl - Generating feed for user: 698385aa26a9e7e6bf3dbe9c
2026-02-05 00:22:48 [SpringApplicationShutdownHook] INFO  o.s.boot.tomcat.GracefulShutdown - Commencing graceful shutdown. Waiting for active requests to complete
2026-02-05 00:22:50 [tomcat-shutdown] INFO  o.s.boot.tomcat.GracefulShutdown - Graceful shutdown complete
2026-02-05 00:22:52 [main] INFO  o.example.nexfit.NexFitApplication - Starting NexFitApplication using Java 17.0.6 with PID 98786 (/Users/kritip/Pokemon/NexFit-BE/target/classes started by kritip in /Users/kritip/Pokemon/NexFit-BE)
2026-02-05 00:22:52 [main] DEBUG o.example.nexfit.NexFitApplication - Running with Spring Boot v4.0.0, Spring v7.0.1
2026-02-05 00:22:52 [main] INFO  o.example.nexfit.NexFitApplication - The following 1 profile is active: "local"
2026-02-05 00:22:53 [main] INFO  o.s.d.r.c.RepositoryConfigurationDelegate - Bootstrapping Spring Data MongoDB repositories in DEFAULT mode.
2026-02-05 00:22:53 [main] INFO  o.s.d.r.c.RepositoryConfigurationDelegate - Finished Spring Data repository scanning in 25 ms. Found 13 MongoDB repository interfaces.
2026-02-05 00:22:53 [main] INFO  o.s.boot.tomcat.TomcatWebServer - Tomcat initialized with port 8080 (http)
2026-02-05 00:22:53 [main] INFO  o.a.catalina.core.StandardService - Starting service [Tomcat]
2026-02-05 00:22:53 [main] INFO  o.a.catalina.core.StandardEngine - Starting Servlet engine: [Apache Tomcat/11.0.14]
2026-02-05 00:22:53 [main] INFO  o.s.b.w.c.s.WebApplicationContextInitializer - Root WebApplicationContext: initialization completed in 691 ms
2026-02-05 00:22:53 [main] INFO  org.mongodb.driver.client - MongoClient with metadata {"driver": {"name": "mongo-java-driver|sync", "version": "5.6.1"}, "os": {"type": "Darwin", "name": "Mac OS X", "architecture": "aarch64", "version": "15.2"}, "platform": "Java/Amazon.com Inc./17.0.6+10-LTS"} created with settings MongoClientSettings{readPreference=primary, writeConcern=WriteConcern{w=null, wTimeout=null ms, journal=null}, retryWrites=true, retryReads=true, readConcern=ReadConcern{level=null}, credential=null, transportSettings=null, commandListeners=[], codecRegistry=ProvidersCodecRegistry{codecProviders=[ValueCodecProvider{}, BsonValueCodecProvider{}, DBRefCodecProvider{}, DBObjectCodecProvider{}, DocumentCodecProvider{}, CollectionCodecProvider{}, IterableCodecProvider{}, MapCodecProvider{}, GeoJsonCodecProvider{}, GridFSFileCodecProvider{}, Jsr310CodecProvider{}, JsonObjectCodecProvider{}, BsonCodecProvider{}, com.mongodb.client.model.mql.ExpressionCodecProvider@410382cb, com.mongodb.Jep395RecordCodecProvider@399f5daf, com.mongodb.KotlinCodecProvider@c4cceb, EnumCodecProvider{}]}, loggerSettings=LoggerSettings{maxDocumentLength=1000}, clusterSettings={hosts=[localhost:27017], srvServiceName=mongodb, mode=SINGLE, requiredClusterType=UNKNOWN, requiredReplicaSetName='null', serverSelector='null', clusterListeners='[]', serverSelectionTimeout='30000 ms', localThreshold='15 ms'}, socketSettings=SocketSettings{connectTimeoutMS=10000, readTimeoutMS=0, receiveBufferSize=0, proxySettings=ProxySettings{host=null, port=null, username=null, password=null}}, heartbeatSocketSettings=SocketSettings{connectTimeoutMS=10000, readTimeoutMS=10000, receiveBufferSize=0, proxySettings=ProxySettings{host=null, port=null, username=null, password=null}}, connectionPoolSettings=ConnectionPoolSettings{maxSize=100, minSize=0, maxWaitTimeMS=120000, maxConnectionLifeTimeMS=0, maxConnectionIdleTimeMS=0, maintenanceInitialDelayMS=0, maintenanceFrequencyMS=60000, connectionPoolListeners=[], maxConnecting=2}, serverSettings=ServerSettings{heartbeatFrequencyMS=10000, minHeartbeatFrequencyMS=500, serverMonitoringMode=AUTO, serverListeners='[]', serverMonitorListeners='[]'}, sslSettings=SslSettings{enabled=false, invalidHostNameAllowed=false, context=null}, applicationName='null', compressorList=[], uuidRepresentation=UNSPECIFIED, serverApi=null, autoEncryptionSettings=null, dnsClient=null, inetAddressResolver=null, contextProvider=null, timeoutMS=null}
2026-02-05 00:22:53 [cluster-ClusterId{value='69839585222e1a2e539d225b', description='null'}-localhost:27017] INFO  org.mongodb.driver.cluster - Monitor thread successfully connected to server with description ServerDescription{address=localhost:27017, type=STANDALONE, cryptd=false, state=CONNECTED, ok=true, minWireVersion=0, maxWireVersion=13, maxDocumentSize=16777216, logicalSessionTimeoutMinutes=30, roundTripTimeNanos=7578167, minRoundTripTimeNanos=0}
2026-02-05 00:22:53 [main] DEBUG o.e.n.s.JwtAuthenticationFilter - Filter 'jwtAuthenticationFilter' configured for use
2026-02-05 00:22:53 [main] DEBUG o.e.n.s.TrainerJwtAuthenticationFilter - Filter 'trainerJwtAuthenticationFilter' configured for use
2026-02-05 00:22:53 [main] INFO  o.s.s.c.a.a.c.InitializeAuthenticationProviderBeanManagerConfigurer$InitializeAuthenticationProviderManagerConfigurer - Global AuthenticationManager configured with AuthenticationProvider bean with name authenticationProvider
2026-02-05 00:22:53 [main] WARN  o.s.s.c.a.a.c.InitializeUserDetailsBeanManagerConfigurer$InitializeUserDetailsManagerConfigurer - Global AuthenticationManager configured with an AuthenticationProvider bean. UserDetailsService beans will not be used by Spring Security for automatically configuring username/password login. Consider removing the AuthenticationProvider bean. Alternatively, consider using the UserDetailsService in a manually instantiated DaoAuthenticationProvider. If the current configuration is intentional, to turn off this warning, increase the logging level of 'org.springframework.security.config.annotation.authentication.configuration.InitializeUserDetailsBeanManagerConfigurer' to ERROR
2026-02-05 00:22:55 [main] INFO  o.e.n.service.impl.S3ServiceImpl - S3 service initialized successfully with bucket: nexfit-media-prod
2026-02-05 00:22:55 [main] INFO  o.e.n.s.impl.LaunchDarklyServiceImpl - LaunchDarkly disabled
2026-02-05 00:22:56 [main] INFO  o.s.b.a.e.web.EndpointLinksResolver - Exposing 3 endpoints beneath base path '/actuator'
2026-02-05 00:22:56 [main] INFO  o.s.boot.tomcat.TomcatWebServer - Tomcat started on port 8080 (http) with context path '/api/v1'
2026-02-05 00:22:56 [main] INFO  o.example.nexfit.NexFitApplication - Started NexFitApplication in 3.475 seconds (process running for 3.755)
2026-02-05 00:22:56 [main] INFO  o.example.nexfit.config.DataSeeder - Seeder skipped: user/trainer data already exists.
2026-02-05 00:22:56 [RMI TCP Connection(1)-192.168.29.46] INFO  o.a.c.c.C.[.[localhost].[/api/v1] - Initializing Spring DispatcherServlet 'dispatcherServlet'
2026-02-05 00:22:56 [RMI TCP Connection(1)-192.168.29.46] INFO  o.s.web.servlet.DispatcherServlet - Initializing Servlet 'dispatcherServlet'
2026-02-05 00:22:56 [RMI TCP Connection(1)-192.168.29.46] INFO  o.s.web.servlet.DispatcherServlet - Completed initialization in 1 ms
2026-02-05 00:27:58 [main] INFO  o.example.nexfit.NexFitApplication - Starting NexFitApplication using Java 17.0.6 with PID 1676 (/Users/kritip/Pokemon/NexFit-BE/target/classes started by kritip in /Users/kritip/Pokemon/NexFit-BE)
2026-02-05 00:27:58 [main] DEBUG o.example.nexfit.NexFitApplication - Running with Spring Boot v4.0.0, Spring v7.0.1
2026-02-05 00:27:58 [main] INFO  o.example.nexfit.NexFitApplication - The following 1 profile is active: "local"
2026-02-05 00:27:58 [main] INFO  o.s.d.r.c.RepositoryConfigurationDelegate - Bootstrapping Spring Data MongoDB repositories in DEFAULT mode.
2026-02-05 00:27:58 [main] INFO  o.s.d.r.c.RepositoryConfigurationDelegate - Finished Spring Data repository scanning in 24 ms. Found 13 MongoDB repository interfaces.
2026-02-05 00:27:58 [main] INFO  o.s.boot.tomcat.TomcatWebServer - Tomcat initialized with port 8080 (http)
2026-02-05 00:27:58 [main] INFO  o.a.catalina.core.StandardService - Starting service [Tomcat]
2026-02-05 00:27:58 [main] INFO  o.a.catalina.core.StandardEngine - Starting Servlet engine: [Apache Tomcat/11.0.14]
2026-02-05 00:27:58 [main] INFO  o.s.b.w.c.s.WebApplicationContextInitializer - Root WebApplicationContext: initialization completed in 541 ms
2026-02-05 00:27:58 [main] INFO  org.mongodb.driver.client - MongoClient with metadata {"driver": {"name": "mongo-java-driver|sync", "version": "5.6.1"}, "os": {"type": "Darwin", "name": "Mac OS X", "architecture": "aarch64", "version": "15.2"}, "platform": "Java/Amazon.com Inc./17.0.6+10-LTS"} created with settings MongoClientSettings{readPreference=primary, writeConcern=WriteConcern{w=null, wTimeout=null ms, journal=null}, retryWrites=true, retryReads=true, readConcern=ReadConcern{level=null}, credential=null, transportSettings=null, commandListeners=[], codecRegistry=ProvidersCodecRegistry{codecProviders=[ValueCodecProvider{}, BsonValueCodecProvider{}, DBRefCodecProvider{}, DBObjectCodecProvider{}, DocumentCodecProvider{}, CollectionCodecProvider{}, IterableCodecProvider{}, MapCodecProvider{}, GeoJsonCodecProvider{}, GridFSFileCodecProvider{}, Jsr310CodecProvider{}, JsonObjectCodecProvider{}, BsonCodecProvider{}, com.mongodb.client.model.mql.ExpressionCodecProvider@32b46831, com.mongodb.Jep395RecordCodecProvider@5353dd09, com.mongodb.KotlinCodecProvider@320ff86f, EnumCodecProvider{}]}, loggerSettings=LoggerSettings{maxDocumentLength=1000}, clusterSettings={hosts=[localhost:27017], srvServiceName=mongodb, mode=SINGLE, requiredClusterType=UNKNOWN, requiredReplicaSetName='null', serverSelector='null', clusterListeners='[]', serverSelectionTimeout='30000 ms', localThreshold='15 ms'}, socketSettings=SocketSettings{connectTimeoutMS=10000, readTimeoutMS=0, receiveBufferSize=0, proxySettings=ProxySettings{host=null, port=null, username=null, password=null}}, heartbeatSocketSettings=SocketSettings{connectTimeoutMS=10000, readTimeoutMS=10000, receiveBufferSize=0, proxySettings=ProxySettings{host=null, port=null, username=null, password=null}}, connectionPoolSettings=ConnectionPoolSettings{maxSize=100, minSize=0, maxWaitTimeMS=120000, maxConnectionLifeTimeMS=0, maxConnectionIdleTimeMS=0, maintenanceInitialDelayMS=0, maintenanceFrequencyMS=60000, connectionPoolListeners=[], maxConnecting=2}, serverSettings=ServerSettings{heartbeatFrequencyMS=10000, minHeartbeatFrequencyMS=500, serverMonitoringMode=AUTO, serverListeners='[]', serverMonitorListeners='[]'}, sslSettings=SslSettings{enabled=false, invalidHostNameAllowed=false, context=null}, applicationName='null', compressorList=[], uuidRepresentation=UNSPECIFIED, serverApi=null, autoEncryptionSettings=null, dnsClient=null, inetAddressResolver=null, contextProvider=null, timeoutMS=null}
2026-02-05 00:27:58 [cluster-ClusterId{value='698396b6e2b01d825e633e4e', description='null'}-localhost:27017] INFO  org.mongodb.driver.cluster - Monitor thread successfully connected to server with description ServerDescription{address=localhost:27017, type=STANDALONE, cryptd=false, state=CONNECTED, ok=true, minWireVersion=0, maxWireVersion=13, maxDocumentSize=16777216, logicalSessionTimeoutMinutes=30, roundTripTimeNanos=5402000, minRoundTripTimeNanos=0}
2026-02-05 00:27:59 [main] DEBUG o.e.n.s.JwtAuthenticationFilter - Filter 'jwtAuthenticationFilter' configured for use
2026-02-05 00:27:59 [main] DEBUG o.e.n.s.TrainerJwtAuthenticationFilter - Filter 'trainerJwtAuthenticationFilter' configured for use
2026-02-05 00:27:59 [main] INFO  o.s.s.c.a.a.c.InitializeAuthenticationProviderBeanManagerConfigurer$InitializeAuthenticationProviderManagerConfigurer - Global AuthenticationManager configured with AuthenticationProvider bean with name authenticationProvider
2026-02-05 00:27:59 [main] WARN  o.s.s.c.a.a.c.InitializeUserDetailsBeanManagerConfigurer$InitializeUserDetailsManagerConfigurer - Global AuthenticationManager configured with an AuthenticationProvider bean. UserDetailsService beans will not be used by Spring Security for automatically configuring username/password login. Consider removing the AuthenticationProvider bean. Alternatively, consider using the UserDetailsService in a manually instantiated DaoAuthenticationProvider. If the current configuration is intentional, to turn off this warning, increase the logging level of 'org.springframework.security.config.annotation.authentication.configuration.InitializeUserDetailsBeanManagerConfigurer' to ERROR
2026-02-05 00:28:00 [main] INFO  o.e.n.service.impl.S3ServiceImpl - S3 service initialized successfully with bucket: nexfit-media-prod
2026-02-05 00:28:00 [main] INFO  c.l.sdk.server.LDClient.DataSource - Enabling streaming API
2026-02-05 00:28:00 [main] INFO  c.launchdarkly.sdk.server.LDClient - Waiting up to 5000 milliseconds for LaunchDarkly client to start...
2026-02-05 00:28:01 [LaunchDarkly-streaming] INFO  c.l.sdk.server.LDClient.DataSource - Initialized LaunchDarkly client.
2026-02-05 00:28:01 [main] INFO  o.e.n.s.impl.LaunchDarklyServiceImpl - LaunchDarkly client initialized for flag verified-trainers
2026-02-05 00:28:02 [main] INFO  o.s.b.a.e.web.EndpointLinksResolver - Exposing 3 endpoints beneath base path '/actuator'
2026-02-05 00:28:02 [main] WARN  o.s.b.w.s.s.c.AnnotationConfigServletWebServerApplicationContext - Exception encountered during context initialization - cancelling refresh attempt: org.springframework.context.ApplicationContextException: Failed to start bean 'webServerStartStop'
2026-02-05 00:28:02 [main] INFO  c.launchdarkly.sdk.server.LDClient - Closing LaunchDarkly Client
2026-02-05 00:28:02 [main] INFO  c.l.sdk.server.LDClient.DataSource - Closing LaunchDarkly StreamProcessor
2026-02-05 00:28:02 [main] INFO  o.s.b.a.l.ConditionEvaluationReportLogger - 

Error starting ApplicationContext. To display the condition evaluation report re-run your application with 'debug' enabled.
2026-02-05 00:28:02 [main] ERROR o.s.b.d.LoggingFailureAnalysisReporter - 

***************************
APPLICATION FAILED TO START
***************************

Description:

Web server failed to start. Port 8080 was already in use.

Action:

Identify and stop the process that's listening on port 8080 or configure this application to listen on another port.

2026-02-05 00:29:06 [SpringApplicationShutdownHook] INFO  o.s.boot.tomcat.GracefulShutdown - Commencing graceful shutdown. Waiting for active requests to complete
2026-02-05 00:29:08 [tomcat-shutdown] INFO  o.s.boot.tomcat.GracefulShutdown - Graceful shutdown complete
2026-02-05 00:29:27 [main] INFO  o.example.nexfit.NexFitApplication - Starting NexFitApplication using Java 17.0.6 with PID 2769 (/Users/kritip/Pokemon/NexFit-BE/target/classes started by kritip in /Users/kritip/Pokemon/NexFit-BE)
2026-02-05 00:29:27 [main] DEBUG o.example.nexfit.NexFitApplication - Running with Spring Boot v4.0.0, Spring v7.0.1
2026-02-05 00:29:27 [main] INFO  o.example.nexfit.NexFitApplication - The following 1 profile is active: "local"
2026-02-05 00:29:27 [main] INFO  o.s.d.r.c.RepositoryConfigurationDelegate - Bootstrapping Spring Data MongoDB repositories in DEFAULT mode.
2026-02-05 00:29:27 [main] INFO  o.s.d.r.c.RepositoryConfigurationDelegate - Finished Spring Data repository scanning in 24 ms. Found 13 MongoDB repository interfaces.
2026-02-05 00:29:27 [main] INFO  o.s.boot.tomcat.TomcatWebServer - Tomcat initialized with port 8080 (http)
2026-02-05 00:29:27 [main] INFO  o.a.catalina.core.StandardService - Starting service [Tomcat]
2026-02-05 00:29:27 [main] INFO  o.a.catalina.core.StandardEngine - Starting Servlet engine: [Apache Tomcat/11.0.14]
2026-02-05 00:29:27 [main] INFO  o.s.b.w.c.s.WebApplicationContextInitializer - Root WebApplicationContext: initialization completed in 539 ms
2026-02-05 00:29:27 [main] INFO  org.mongodb.driver.client - MongoClient with metadata {"driver": {"name": "mongo-java-driver|sync", "version": "5.6.1"}, "os": {"type": "Darwin", "name": "Mac OS X", "architecture": "aarch64", "version": "15.2"}, "platform": "Java/Amazon.com Inc./17.0.6+10-LTS"} created with settings MongoClientSettings{readPreference=primary, writeConcern=WriteConcern{w=null, wTimeout=null ms, journal=null}, retryWrites=true, retryReads=true, readConcern=ReadConcern{level=null}, credential=null, transportSettings=null, commandListeners=[], codecRegistry=ProvidersCodecRegistry{codecProviders=[ValueCodecProvider{}, BsonValueCodecProvider{}, DBRefCodecProvider{}, DBObjectCodecProvider{}, DocumentCodecProvider{}, CollectionCodecProvider{}, IterableCodecProvider{}, MapCodecProvider{}, GeoJsonCodecProvider{}, GridFSFileCodecProvider{}, Jsr310CodecProvider{}, JsonObjectCodecProvider{}, BsonCodecProvider{}, com.mongodb.client.model.mql.ExpressionCodecProvider@55fb36de, com.mongodb.Jep395RecordCodecProvider@63a7781, com.mongodb.KotlinCodecProvider@73b74615, EnumCodecProvider{}]}, loggerSettings=LoggerSettings{maxDocumentLength=1000}, clusterSettings={hosts=[localhost:27017], srvServiceName=mongodb, mode=SINGLE, requiredClusterType=UNKNOWN, requiredReplicaSetName='null', serverSelector='null', clusterListeners='[]', serverSelectionTimeout='30000 ms', localThreshold='15 ms'}, socketSettings=SocketSettings{connectTimeoutMS=10000, readTimeoutMS=0, receiveBufferSize=0, proxySettings=ProxySettings{host=null, port=null, username=null, password=null}}, heartbeatSocketSettings=SocketSettings{connectTimeoutMS=10000, readTimeoutMS=10000, receiveBufferSize=0, proxySettings=ProxySettings{host=null, port=null, username=null, password=null}}, connectionPoolSettings=ConnectionPoolSettings{maxSize=100, minSize=0, maxWaitTimeMS=120000, maxConnectionLifeTimeMS=0, maxConnectionIdleTimeMS=0, maintenanceInitialDelayMS=0, maintenanceFrequencyMS=60000, connectionPoolListeners=[], maxConnecting=2}, serverSettings=ServerSettings{heartbeatFrequencyMS=10000, minHeartbeatFrequencyMS=500, serverMonitoringMode=AUTO, serverListeners='[]', serverMonitorListeners='[]'}, sslSettings=SslSettings{enabled=false, invalidHostNameAllowed=false, context=null}, applicationName='null', compressorList=[], uuidRepresentation=UNSPECIFIED, serverApi=null, autoEncryptionSettings=null, dnsClient=null, inetAddressResolver=null, contextProvider=null, timeoutMS=null}
2026-02-05 00:29:27 [cluster-ClusterId{value='6983970fa056fd1fa28b3fa0', description='null'}-localhost:27017] INFO  org.mongodb.driver.cluster - Monitor thread successfully connected to server with description ServerDescription{address=localhost:27017, type=STANDALONE, cryptd=false, state=CONNECTED, ok=true, minWireVersion=0, maxWireVersion=13, maxDocumentSize=16777216, logicalSessionTimeoutMinutes=30, roundTripTimeNanos=5540500, minRoundTripTimeNanos=0}
2026-02-05 00:29:27 [main] DEBUG o.e.n.s.JwtAuthenticationFilter - Filter 'jwtAuthenticationFilter' configured for use
2026-02-05 00:29:27 [main] DEBUG o.e.n.s.TrainerJwtAuthenticationFilter - Filter 'trainerJwtAuthenticationFilter' configured for use
2026-02-05 00:29:27 [main] INFO  o.s.s.c.a.a.c.InitializeAuthenticationProviderBeanManagerConfigurer$InitializeAuthenticationProviderManagerConfigurer - Global AuthenticationManager configured with AuthenticationProvider bean with name authenticationProvider
2026-02-05 00:29:27 [main] WARN  o.s.s.c.a.a.c.InitializeUserDetailsBeanManagerConfigurer$InitializeUserDetailsManagerConfigurer - Global AuthenticationManager configured with an AuthenticationProvider bean. UserDetailsService beans will not be used by Spring Security for automatically configuring username/password login. Consider removing the AuthenticationProvider bean. Alternatively, consider using the UserDetailsService in a manually instantiated DaoAuthenticationProvider. If the current configuration is intentional, to turn off this warning, increase the logging level of 'org.springframework.security.config.annotation.authentication.configuration.InitializeUserDetailsBeanManagerConfigurer' to ERROR
2026-02-05 00:29:28 [main] INFO  o.e.n.service.impl.S3ServiceImpl - S3 service initialized successfully with bucket: nexfit-media-prod
2026-02-05 00:29:28 [main] INFO  c.l.sdk.server.LDClient.DataSource - Enabling streaming API
2026-02-05 00:29:28 [main] INFO  c.launchdarkly.sdk.server.LDClient - Waiting up to 5000 milliseconds for LaunchDarkly client to start...
2026-02-05 00:29:29 [main] INFO  o.e.n.s.impl.LaunchDarklyServiceImpl - LaunchDarkly client initialized for flag verified-trainers
2026-02-05 00:29:29 [LaunchDarkly-streaming] INFO  c.l.sdk.server.LDClient.DataSource - Initialized LaunchDarkly client.
2026-02-05 00:29:30 [main] INFO  o.s.b.a.e.web.EndpointLinksResolver - Exposing 3 endpoints beneath base path '/actuator'
2026-02-05 00:29:30 [main] INFO  o.s.boot.tomcat.TomcatWebServer - Tomcat started on port 8080 (http) with context path '/api/v1'
2026-02-05 00:29:30 [main] INFO  o.example.nexfit.NexFitApplication - Started NexFitApplication in 3.078 seconds (process running for 3.199)
2026-02-05 00:29:30 [main] INFO  o.example.nexfit.config.DataSeeder - Seeder skipped: user/trainer data already exists.
2026-02-05 00:29:56 [http-nio-8080-exec-1] INFO  o.a.c.c.C.[.[localhost].[/api/v1] - Initializing Spring DispatcherServlet 'dispatcherServlet'
2026-02-05 00:29:56 [http-nio-8080-exec-1] INFO  o.s.web.servlet.DispatcherServlet - Initializing Servlet 'dispatcherServlet'
2026-02-05 00:29:56 [http-nio-8080-exec-1] INFO  o.s.web.servlet.DispatcherServlet - Completed initialization in 9 ms
2026-02-05 00:29:56 [http-nio-8080-exec-1] DEBUG o.e.n.service.impl.FeedServiceImpl - Generating feed for user: 698385aa26a9e7e6bf3dbe9c
2026-02-05 00:29:56 [http-nio-8080-exec-1] INFO  o.e.n.service.impl.FeedServiceImpl - === FEED TRAINER DEBUG ===
2026-02-05 00:29:56 [http-nio-8080-exec-1] INFO  o.e.n.service.impl.FeedServiceImpl - Trainer: id=698385e626a9e7e6bf3dbe9d, name=Joseph Farley
2026-02-05 00:29:56 [http-nio-8080-exec-1] INFO  o.e.n.service.impl.FeedServiceImpl - FeaturedVideo: type=video, mediaUrl=https://nexfit-media-prod.s3.ap-southeast-2.amazonaws.com/dev/trainers/698385e626a9e7e6bf3dbe9d/media/video/78f2a7c5-6b32-468e-9ba8-8574fb4a8fc8.mp4, thumbnailUrl=https://nexfit-media-prod.s3.ap-southeast-2.amazonaws.com/dev/trainers/698385e626a9e7e6bf3dbe9d/media/image/7c275471-4992-4a68-8d8c-de1b364ad0d8.jpg
2026-02-05 00:29:56 [http-nio-8080-exec-1] INFO  o.e.n.service.impl.FeedServiceImpl - Media count: 3
2026-02-05 00:29:56 [http-nio-8080-exec-1] INFO  o.e.n.service.impl.FeedServiceImpl -   Media: type=image, url=https://nexfit-media-prod.s3.ap-southeast-2.amazonaws.com/dev/trainers/698385e626a9e7e6bf3dbe9d/media/image/0eed7ba2-cae7-46eb-bb3d-ed40cfbcd8fc.jpg
2026-02-05 00:29:56 [http-nio-8080-exec-1] INFO  o.e.n.service.impl.FeedServiceImpl -   Media: type=image, url=https://nexfit-media-prod.s3.ap-southeast-2.amazonaws.com/dev/trainers/698385e626a9e7e6bf3dbe9d/media/image/259872c8-c525-4083-a6c0-868459069036.jpg
2026-02-05 00:29:56 [http-nio-8080-exec-1] INFO  o.e.n.service.impl.FeedServiceImpl -   Media: type=video, url=https://nexfit-media-prod.s3.ap-southeast-2.amazonaws.com/dev/trainers/698385e626a9e7e6bf3dbe9d/media/video/78f2a7c5-6b32-468e-9ba8-8574fb4a8fc8.mp4
2026-02-05 00:29:56 [http-nio-8080-exec-1] INFO  o.e.n.service.impl.FeedServiceImpl - === END DEBUG ===
2026-02-05 00:30:00 [http-nio-8080-exec-2] DEBUG o.e.n.service.impl.FeedServiceImpl - Generating feed for user: 698385aa26a9e7e6bf3dbe9c
2026-02-05 00:30:00 [http-nio-8080-exec-2] INFO  o.e.n.service.impl.FeedServiceImpl - === FEED TRAINER DEBUG ===
2026-02-05 00:30:00 [http-nio-8080-exec-2] INFO  o.e.n.service.impl.FeedServiceImpl - Trainer: id=698385e626a9e7e6bf3dbe9d, name=Joseph Farley
2026-02-05 00:30:00 [http-nio-8080-exec-2] INFO  o.e.n.service.impl.FeedServiceImpl - FeaturedVideo: type=video, mediaUrl=https://nexfit-media-prod.s3.ap-southeast-2.amazonaws.com/dev/trainers/698385e626a9e7e6bf3dbe9d/media/video/78f2a7c5-6b32-468e-9ba8-8574fb4a8fc8.mp4, thumbnailUrl=https://nexfit-media-prod.s3.ap-southeast-2.amazonaws.com/dev/trainers/698385e626a9e7e6bf3dbe9d/media/image/7c275471-4992-4a68-8d8c-de1b364ad0d8.jpg
2026-02-05 00:30:00 [http-nio-8080-exec-2] INFO  o.e.n.service.impl.FeedServiceImpl - Media count: 3
2026-02-05 00:30:00 [http-nio-8080-exec-2] INFO  o.e.n.service.impl.FeedServiceImpl -   Media: type=image, url=https://nexfit-media-prod.s3.ap-southeast-2.amazonaws.com/dev/trainers/698385e626a9e7e6bf3dbe9d/media/image/0eed7ba2-cae7-46eb-bb3d-ed40cfbcd8fc.jpg
2026-02-05 00:30:00 [http-nio-8080-exec-2] INFO  o.e.n.service.impl.FeedServiceImpl -   Media: type=image, url=https://nexfit-media-prod.s3.ap-southeast-2.amazonaws.com/dev/trainers/698385e626a9e7e6bf3dbe9d/media/image/259872c8-c525-4083-a6c0-868459069036.jpg
2026-02-05 00:30:00 [http-nio-8080-exec-2] INFO  o.e.n.service.impl.FeedServiceImpl -   Media: type=video, url=https://nexfit-media-prod.s3.ap-southeast-2.amazonaws.com/dev/trainers/698385e626a9e7e6bf3dbe9d/media/video/78f2a7c5-6b32-468e-9ba8-8574fb4a8fc8.mp4
2026-02-05 00:30:00 [http-nio-8080-exec-2] INFO  o.e.n.service.impl.FeedServiceImpl - === END DEBUG ===
2026-02-05 00:37:22 [http-nio-8080-exec-5] DEBUG o.e.n.service.impl.FeedServiceImpl - Generating feed for user: 698385aa26a9e7e6bf3dbe9c
2026-02-05 00:37:22 [http-nio-8080-exec-5] INFO  o.e.n.service.impl.FeedServiceImpl - === FEED TRAINER DEBUG ===
2026-02-05 00:37:22 [http-nio-8080-exec-5] INFO  o.e.n.service.impl.FeedServiceImpl - Trainer: id=698385e626a9e7e6bf3dbe9d, name=Joseph Farley
2026-02-05 00:37:22 [http-nio-8080-exec-5] INFO  o.e.n.service.impl.FeedServiceImpl - FeaturedVideo: type=video, mediaUrl=https://nexfit-media-prod.s3.ap-southeast-2.amazonaws.com/dev/trainers/698385e626a9e7e6bf3dbe9d/media/video/78f2a7c5-6b32-468e-9ba8-8574fb4a8fc8.mp4, thumbnailUrl=https://nexfit-media-prod.s3.ap-southeast-2.amazonaws.com/dev/trainers/698385e626a9e7e6bf3dbe9d/media/image/7c275471-4992-4a68-8d8c-de1b364ad0d8.jpg
2026-02-05 00:37:22 [http-nio-8080-exec-5] INFO  o.e.n.service.impl.FeedServiceImpl - Media count: 3
2026-02-05 00:37:22 [http-nio-8080-exec-5] INFO  o.e.n.service.impl.FeedServiceImpl -   Media: type=image, url=https://nexfit-media-prod.s3.ap-southeast-2.amazonaws.com/dev/trainers/698385e626a9e7e6bf3dbe9d/media/image/0eed7ba2-cae7-46eb-bb3d-ed40cfbcd8fc.jpg
2026-02-05 00:37:22 [http-nio-8080-exec-5] INFO  o.e.n.service.impl.FeedServiceImpl -   Media: type=image, url=https://nexfit-media-prod.s3.ap-southeast-2.amazonaws.com/dev/trainers/698385e626a9e7e6bf3dbe9d/media/image/259872c8-c525-4083-a6c0-868459069036.jpg
2026-02-05 00:37:22 [http-nio-8080-exec-5] INFO  o.e.n.service.impl.FeedServiceImpl -   Media: type=video, url=https://nexfit-media-prod.s3.ap-southeast-2.amazonaws.com/dev/trainers/698385e626a9e7e6bf3dbe9d/media/video/78f2a7c5-6b32-468e-9ba8-8574fb4a8fc8.mp4
2026-02-05 00:37:22 [http-nio-8080-exec-5] INFO  o.e.n.service.impl.FeedServiceImpl - === END DEBUG ===
2026-02-05 00:37:25 [http-nio-8080-exec-6] DEBUG o.e.n.service.impl.FeedServiceImpl - Generating feed for user: 698385aa26a9e7e6bf3dbe9c
2026-02-05 00:37:25 [http-nio-8080-exec-6] INFO  o.e.n.service.impl.FeedServiceImpl - === FEED TRAINER DEBUG ===
2026-02-05 00:37:25 [http-nio-8080-exec-6] INFO  o.e.n.service.impl.FeedServiceImpl - Trainer: id=698385e626a9e7e6bf3dbe9d, name=Joseph Farley
2026-02-05 00:37:25 [http-nio-8080-exec-6] INFO  o.e.n.service.impl.FeedServiceImpl - FeaturedVideo: type=video, mediaUrl=https://nexfit-media-prod.s3.ap-southeast-2.amazonaws.com/dev/trainers/698385e626a9e7e6bf3dbe9d/media/video/78f2a7c5-6b32-468e-9ba8-8574fb4a8fc8.mp4, thumbnailUrl=https://nexfit-media-prod.s3.ap-southeast-2.amazonaws.com/dev/trainers/698385e626a9e7e6bf3dbe9d/media/image/7c275471-4992-4a68-8d8c-de1b364ad0d8.jpg
2026-02-05 00:37:25 [http-nio-8080-exec-6] INFO  o.e.n.service.impl.FeedServiceImpl - Media count: 3
2026-02-05 00:37:25 [http-nio-8080-exec-6] INFO  o.e.n.service.impl.FeedServiceImpl -   Media: type=image, url=https://nexfit-media-prod.s3.ap-southeast-2.amazonaws.com/dev/trainers/698385e626a9e7e6bf3dbe9d/media/image/0eed7ba2-cae7-46eb-bb3d-ed40cfbcd8fc.jpg
2026-02-05 00:37:25 [http-nio-8080-exec-6] INFO  o.e.n.service.impl.FeedServiceImpl -   Media: type=image, url=https://nexfit-media-prod.s3.ap-southeast-2.amazonaws.com/dev/trainers/698385e626a9e7e6bf3dbe9d/media/image/259872c8-c525-4083-a6c0-868459069036.jpg
2026-02-05 00:37:25 [http-nio-8080-exec-6] INFO  o.e.n.service.impl.FeedServiceImpl -   Media: type=video, url=https://nexfit-media-prod.s3.ap-southeast-2.amazonaws.com/dev/trainers/698385e626a9e7e6bf3dbe9d/media/video/78f2a7c5-6b32-468e-9ba8-8574fb4a8fc8.mp4
2026-02-05 00:37:25 [http-nio-8080-exec-6] INFO  o.e.n.service.impl.FeedServiceImpl - === END DEBUG ===
2026-02-05 00:38:18 [http-nio-8080-exec-7] DEBUG o.e.n.service.impl.FeedServiceImpl - Generating feed for user: 698385aa26a9e7e6bf3dbe9c
2026-02-05 00:38:18 [http-nio-8080-exec-7] INFO  o.e.n.service.impl.FeedServiceImpl - === FEED TRAINER DEBUG ===
2026-02-05 00:38:18 [http-nio-8080-exec-7] INFO  o.e.n.service.impl.FeedServiceImpl - Trainer: id=698274ddfd431dd03d3bb2c8, name=Olivia Nguyen
2026-02-05 00:38:18 [http-nio-8080-exec-7] INFO  o.e.n.service.impl.FeedServiceImpl - FeaturedVideo: type=video, mediaUrl=https://nexfit-media-prod.s3.ap-southeast-2.amazonaws.com/videos/1000205143.mp4, thumbnailUrl=https://images.unsplash.com/photo-1571019614242-c5c5dee9f50b?w=800
2026-02-05 00:38:18 [http-nio-8080-exec-7] INFO  o.e.n.service.impl.FeedServiceImpl - Media count: 5
2026-02-05 00:38:18 [http-nio-8080-exec-7] INFO  o.e.n.service.impl.FeedServiceImpl -   Media: type=video, url=https://nexfit-media-prod.s3.ap-southeast-2.amazonaws.com/videos/1000205143.mp4
2026-02-05 00:38:18 [http-nio-8080-exec-7] INFO  o.e.n.service.impl.FeedServiceImpl -   Media: type=video, url=https://nexfit-media-prod.s3.ap-southeast-2.amazonaws.com/videos/1000205829.mp4
2026-02-05 00:38:18 [http-nio-8080-exec-7] INFO  o.e.n.service.impl.FeedServiceImpl -   Media: type=video, url=https://nexfit-media-prod.s3.ap-southeast-2.amazonaws.com/videos/1000206220.mp4
2026-02-05 00:38:18 [http-nio-8080-exec-7] INFO  o.e.n.service.impl.FeedServiceImpl -   Media: type=image, url=https://images.pexels.com/photos/6455927/pexels-photo-6455927.jpeg?auto=compress&cs=tinysrgb&w=800
2026-02-05 00:38:18 [http-nio-8080-exec-7] INFO  o.e.n.service.impl.FeedServiceImpl -   Media: type=image, url=https://images.pexels.com/photos/4162451/pexels-photo-4162451.jpeg?auto=compress&cs=tinysrgb&w=800
2026-02-05 00:38:18 [http-nio-8080-exec-7] INFO  o.e.n.service.impl.FeedServiceImpl - === END DEBUG ===
2026-02-05 00:39:17 [http-nio-8080-exec-8] INFO  o.e.n.s.i.AuthenticationServiceImpl - User logged out
2026-02-05 00:47:37 [http-nio-8080-exec-2] INFO  o.e.n.s.impl.TrainerAuthServiceImpl - Trainer logged out
2026-02-05 00:48:31 [http-nio-8080-exec-5] DEBUG o.e.n.service.impl.FeedServiceImpl - Generating feed for user: 698385aa26a9e7e6bf3dbe9c
2026-02-05 00:48:31 [http-nio-8080-exec-5] INFO  o.e.n.service.impl.FeedServiceImpl - === FEED TRAINER DEBUG ===
2026-02-05 00:48:31 [http-nio-8080-exec-5] INFO  o.e.n.service.impl.FeedServiceImpl - Trainer: id=698274ddfd431dd03d3bb2c8, name=Olivia Nguyen
2026-02-05 00:48:31 [http-nio-8080-exec-5] INFO  o.e.n.service.impl.FeedServiceImpl - FeaturedVideo: type=video, mediaUrl=https://nexfit-media-prod.s3.ap-southeast-2.amazonaws.com/videos/1000205143.mp4, thumbnailUrl=https://images.unsplash.com/photo-1571019614242-c5c5dee9f50b?w=800
2026-02-05 00:48:31 [http-nio-8080-exec-5] INFO  o.e.n.service.impl.FeedServiceImpl - Media count: 5
2026-02-05 00:48:31 [http-nio-8080-exec-5] INFO  o.e.n.service.impl.FeedServiceImpl -   Media: type=video, url=https://nexfit-media-prod.s3.ap-southeast-2.amazonaws.com/videos/1000205143.mp4
2026-02-05 00:48:31 [http-nio-8080-exec-5] INFO  o.e.n.service.impl.FeedServiceImpl -   Media: type=video, url=https://nexfit-media-prod.s3.ap-southeast-2.amazonaws.com/videos/1000205829.mp4
2026-02-05 00:48:31 [http-nio-8080-exec-5] INFO  o.e.n.service.impl.FeedServiceImpl -   Media: type=video, url=https://nexfit-media-prod.s3.ap-southeast-2.amazonaws.com/videos/1000206220.mp4
2026-02-05 00:48:31 [http-nio-8080-exec-5] INFO  o.e.n.service.impl.FeedServiceImpl -   Media: type=image, url=https://images.pexels.com/photos/6455927/pexels-photo-6455927.jpeg?auto=compress&cs=tinysrgb&w=800
2026-02-05 00:48:31 [http-nio-8080-exec-5] INFO  o.e.n.service.impl.FeedServiceImpl -   Media: type=image, url=https://images.pexels.com/photos/4162451/pexels-photo-4162451.jpeg?auto=compress&cs=tinysrgb&w=800
2026-02-05 00:48:31 [http-nio-8080-exec-5] INFO  o.e.n.service.impl.FeedServiceImpl - === END DEBUG ===
2026-02-05 00:49:07 [http-nio-8080-exec-8] DEBUG o.e.n.service.impl.FeedServiceImpl - Generating feed for user: 698385aa26a9e7e6bf3dbe9c
2026-02-05 00:49:07 [http-nio-8080-exec-8] INFO  o.e.n.service.impl.FeedServiceImpl - === FEED TRAINER DEBUG ===
2026-02-05 00:49:07 [http-nio-8080-exec-8] INFO  o.e.n.service.impl.FeedServiceImpl - Trainer: id=698274ddfd431dd03d3bb2c8, name=Olivia Nguyen
2026-02-05 00:49:07 [http-nio-8080-exec-8] INFO  o.e.n.service.impl.FeedServiceImpl - FeaturedVideo: type=video, mediaUrl=https://nexfit-media-prod.s3.ap-southeast-2.amazonaws.com/videos/1000205143.mp4, thumbnailUrl=https://images.unsplash.com/photo-1571019614242-c5c5dee9f50b?w=800
2026-02-05 00:49:07 [http-nio-8080-exec-8] INFO  o.e.n.service.impl.FeedServiceImpl - Media count: 5
2026-02-05 00:49:07 [http-nio-8080-exec-8] INFO  o.e.n.service.impl.FeedServiceImpl -   Media: type=video, url=https://nexfit-media-prod.s3.ap-southeast-2.amazonaws.com/videos/1000205143.mp4
2026-02-05 00:49:07 [http-nio-8080-exec-8] INFO  o.e.n.service.impl.FeedServiceImpl -   Media: type=video, url=https://nexfit-media-prod.s3.ap-southeast-2.amazonaws.com/videos/1000205829.mp4
2026-02-05 00:49:07 [http-nio-8080-exec-8] INFO  o.e.n.service.impl.FeedServiceImpl -   Media: type=video, url=https://nexfit-media-prod.s3.ap-southeast-2.amazonaws.com/videos/1000206220.mp4
2026-02-05 00:49:07 [http-nio-8080-exec-8] INFO  o.e.n.service.impl.FeedServiceImpl -   Media: type=image, url=https://images.pexels.com/photos/6455927/pexels-photo-6455927.jpeg?auto=compress&cs=tinysrgb&w=800
2026-02-05 00:49:07 [http-nio-8080-exec-8] INFO  o.e.n.service.impl.FeedServiceImpl -   Media: type=image, url=https://images.pexels.com/photos/4162451/pexels-photo-4162451.jpeg?auto=compress&cs=tinysrgb&w=800
2026-02-05 00:49:07 [http-nio-8080-exec-8] INFO  o.e.n.service.impl.FeedServiceImpl - === END DEBUG ===
2026-02-05 00:51:30 [http-nio-8080-exec-2] DEBUG o.e.n.service.impl.FeedServiceImpl - Generating feed for user: 698385aa26a9e7e6bf3dbe9c
2026-02-05 00:51:30 [http-nio-8080-exec-2] INFO  o.e.n.service.impl.FeedServiceImpl - === FEED TRAINER DEBUG ===
2026-02-05 00:51:30 [http-nio-8080-exec-2] INFO  o.e.n.service.impl.FeedServiceImpl - Trainer: id=698385e626a9e7e6bf3dbe9d, name=Joseph Farley
2026-02-05 00:51:30 [http-nio-8080-exec-2] INFO  o.e.n.service.impl.FeedServiceImpl - FeaturedVideo: type=video, mediaUrl=https://nexfit-media-prod.s3.ap-southeast-2.amazonaws.com/dev/trainers/698385e626a9e7e6bf3dbe9d/media/video/78f2a7c5-6b32-468e-9ba8-8574fb4a8fc8.mp4, thumbnailUrl=https://nexfit-media-prod.s3.ap-southeast-2.amazonaws.com/dev/trainers/698385e626a9e7e6bf3dbe9d/media/image/7c275471-4992-4a68-8d8c-de1b364ad0d8.jpg
2026-02-05 00:51:30 [http-nio-8080-exec-2] INFO  o.e.n.service.impl.FeedServiceImpl - Media count: 3
2026-02-05 00:51:30 [http-nio-8080-exec-2] INFO  o.e.n.service.impl.FeedServiceImpl -   Media: type=image, url=https://nexfit-media-prod.s3.ap-southeast-2.amazonaws.com/dev/trainers/698385e626a9e7e6bf3dbe9d/media/image/0eed7ba2-cae7-46eb-bb3d-ed40cfbcd8fc.jpg
2026-02-05 00:51:30 [http-nio-8080-exec-2] INFO  o.e.n.service.impl.FeedServiceImpl -   Media: type=image, url=https://nexfit-media-prod.s3.ap-southeast-2.amazonaws.com/dev/trainers/698385e626a9e7e6bf3dbe9d/media/image/259872c8-c525-4083-a6c0-868459069036.jpg
2026-02-05 00:51:30 [http-nio-8080-exec-2] INFO  o.e.n.service.impl.FeedServiceImpl -   Media: type=video, url=https://nexfit-media-prod.s3.ap-southeast-2.amazonaws.com/dev/trainers/698385e626a9e7e6bf3dbe9d/media/video/78f2a7c5-6b32-468e-9ba8-8574fb4a8fc8.mp4
2026-02-05 00:51:30 [http-nio-8080-exec-2] INFO  o.e.n.service.impl.FeedServiceImpl - === END DEBUG ===
2026-02-05 00:54:42 [http-nio-8080-exec-6] DEBUG o.e.n.service.impl.FeedServiceImpl - Generating feed for user: 698385aa26a9e7e6bf3dbe9c
2026-02-05 00:54:42 [http-nio-8080-exec-6] INFO  o.e.n.service.impl.FeedServiceImpl - === FEED TRAINER DEBUG ===
2026-02-05 00:54:42 [http-nio-8080-exec-6] INFO  o.e.n.service.impl.FeedServiceImpl - Trainer: id=698385e626a9e7e6bf3dbe9d, name=Joseph Farley
2026-02-05 00:54:42 [http-nio-8080-exec-6] INFO  o.e.n.service.impl.FeedServiceImpl - FeaturedVideo: type=video, mediaUrl=https://nexfit-media-prod.s3.ap-southeast-2.amazonaws.com/dev/trainers/698385e626a9e7e6bf3dbe9d/media/video/78f2a7c5-6b32-468e-9ba8-8574fb4a8fc8.mp4, thumbnailUrl=https://nexfit-media-prod.s3.ap-southeast-2.amazonaws.com/dev/trainers/698385e626a9e7e6bf3dbe9d/media/image/7c275471-4992-4a68-8d8c-de1b364ad0d8.jpg
2026-02-05 00:54:42 [http-nio-8080-exec-6] INFO  o.e.n.service.impl.FeedServiceImpl - Media count: 3
2026-02-05 00:54:42 [http-nio-8080-exec-6] INFO  o.e.n.service.impl.FeedServiceImpl -   Media: type=image, url=https://nexfit-media-prod.s3.ap-southeast-2.amazonaws.com/dev/trainers/698385e626a9e7e6bf3dbe9d/media/image/0eed7ba2-cae7-46eb-bb3d-ed40cfbcd8fc.jpg
2026-02-05 00:54:42 [http-nio-8080-exec-6] INFO  o.e.n.service.impl.FeedServiceImpl -   Media: type=image, url=https://nexfit-media-prod.s3.ap-southeast-2.amazonaws.com/dev/trainers/698385e626a9e7e6bf3dbe9d/media/image/259872c8-c525-4083-a6c0-868459069036.jpg
2026-02-05 00:54:42 [http-nio-8080-exec-6] INFO  o.e.n.service.impl.FeedServiceImpl -   Media: type=video, url=https://nexfit-media-prod.s3.ap-southeast-2.amazonaws.com/dev/trainers/698385e626a9e7e6bf3dbe9d/media/video/78f2a7c5-6b32-468e-9ba8-8574fb4a8fc8.mp4
2026-02-05 00:54:42 [http-nio-8080-exec-6] INFO  o.e.n.service.impl.FeedServiceImpl - === END DEBUG ===
2026-02-05 01:01:31 [http-nio-8080-exec-4] INFO  o.e.n.s.i.AuthenticationServiceImpl - User logged out
2026-02-05 01:04:48 [http-nio-8080-exec-7] INFO  o.e.n.s.impl.TrainerAuthServiceImpl - Trainer logged out
2026-02-05 01:05:42 [http-nio-8080-exec-6] DEBUG o.e.n.service.impl.FeedServiceImpl - Generating feed for user: 698385aa26a9e7e6bf3dbe9c
2026-02-05 01:05:42 [http-nio-8080-exec-6] INFO  o.e.n.service.impl.FeedServiceImpl - === FEED TRAINER DEBUG ===
2026-02-05 01:05:42 [http-nio-8080-exec-6] INFO  o.e.n.service.impl.FeedServiceImpl - Trainer: id=698274ddfd431dd03d3bb2c8, name=Olivia Nguyen
2026-02-05 01:05:42 [http-nio-8080-exec-6] INFO  o.e.n.service.impl.FeedServiceImpl - FeaturedVideo: type=video, mediaUrl=https://nexfit-media-prod.s3.ap-southeast-2.amazonaws.com/videos/1000205143.mp4, thumbnailUrl=https://images.unsplash.com/photo-1571019614242-c5c5dee9f50b?w=800
2026-02-05 01:05:42 [http-nio-8080-exec-6] INFO  o.e.n.service.impl.FeedServiceImpl - Media count: 5
2026-02-05 01:05:42 [http-nio-8080-exec-6] INFO  o.e.n.service.impl.FeedServiceImpl -   Media: type=video, url=https://nexfit-media-prod.s3.ap-southeast-2.amazonaws.com/videos/1000205143.mp4
2026-02-05 01:05:42 [http-nio-8080-exec-6] INFO  o.e.n.service.impl.FeedServiceImpl -   Media: type=video, url=https://nexfit-media-prod.s3.ap-southeast-2.amazonaws.com/videos/1000205829.mp4
2026-02-05 01:05:42 [http-nio-8080-exec-6] INFO  o.e.n.service.impl.FeedServiceImpl -   Media: type=video, url=https://nexfit-media-prod.s3.ap-southeast-2.amazonaws.com/videos/1000206220.mp4
2026-02-05 01:05:42 [http-nio-8080-exec-6] INFO  o.e.n.service.impl.FeedServiceImpl -   Media: type=image, url=https://images.pexels.com/photos/6455927/pexels-photo-6455927.jpeg?auto=compress&cs=tinysrgb&w=800
2026-02-05 01:05:42 [http-nio-8080-exec-6] INFO  o.e.n.service.impl.FeedServiceImpl -   Media: type=image, url=https://images.pexels.com/photos/4162451/pexels-photo-4162451.jpeg?auto=compress&cs=tinysrgb&w=800
2026-02-05 01:05:42 [http-nio-8080-exec-6] INFO  o.e.n.service.impl.FeedServiceImpl - === END DEBUG ===
2026-02-05 01:05:49 [http-nio-8080-exec-8] DEBUG o.e.n.service.impl.FeedServiceImpl - Generating feed for user: 698385aa26a9e7e6bf3dbe9c
2026-02-05 01:05:49 [http-nio-8080-exec-8] INFO  o.e.n.service.impl.FeedServiceImpl - === FEED TRAINER DEBUG ===
2026-02-05 01:05:49 [http-nio-8080-exec-8] INFO  o.e.n.service.impl.FeedServiceImpl - Trainer: id=698385e626a9e7e6bf3dbe9d, name=Joseph Farley
2026-02-05 01:05:49 [http-nio-8080-exec-8] INFO  o.e.n.service.impl.FeedServiceImpl - FeaturedVideo: type=video, mediaUrl=https://nexfit-media-prod.s3.ap-southeast-2.amazonaws.com/dev/trainers/698385e626a9e7e6bf3dbe9d/media/video/78f2a7c5-6b32-468e-9ba8-8574fb4a8fc8.mp4, thumbnailUrl=https://nexfit-media-prod.s3.ap-southeast-2.amazonaws.com/dev/trainers/698385e626a9e7e6bf3dbe9d/media/image/7c275471-4992-4a68-8d8c-de1b364ad0d8.jpg
2026-02-05 01:05:49 [http-nio-8080-exec-8] INFO  o.e.n.service.impl.FeedServiceImpl - Media count: 3
2026-02-05 01:05:49 [http-nio-8080-exec-8] INFO  o.e.n.service.impl.FeedServiceImpl -   Media: type=image, url=https://nexfit-media-prod.s3.ap-southeast-2.amazonaws.com/dev/trainers/698385e626a9e7e6bf3dbe9d/media/image/0eed7ba2-cae7-46eb-bb3d-ed40cfbcd8fc.jpg
2026-02-05 01:05:49 [http-nio-8080-exec-8] INFO  o.e.n.service.impl.FeedServiceImpl -   Media: type=image, url=https://nexfit-media-prod.s3.ap-southeast-2.amazonaws.com/dev/trainers/698385e626a9e7e6bf3dbe9d/media/image/259872c8-c525-4083-a6c0-868459069036.jpg
2026-02-05 01:05:49 [http-nio-8080-exec-8] INFO  o.e.n.service.impl.FeedServiceImpl -   Media: type=video, url=https://nexfit-media-prod.s3.ap-southeast-2.amazonaws.com/dev/trainers/698385e626a9e7e6bf3dbe9d/media/video/78f2a7c5-6b32-468e-9ba8-8574fb4a8fc8.mp4
2026-02-05 01:05:49 [http-nio-8080-exec-8] INFO  o.e.n.service.impl.FeedServiceImpl - === END DEBUG ===
2026-02-05 01:06:23 [SpringApplicationShutdownHook] INFO  o.s.boot.tomcat.GracefulShutdown - Commencing graceful shutdown. Waiting for active requests to complete
2026-02-05 01:06:25 [tomcat-shutdown] INFO  o.s.boot.tomcat.GracefulShutdown - Graceful shutdown complete
2026-02-05 01:06:25 [SpringApplicationShutdownHook] INFO  c.launchdarkly.sdk.server.LDClient - Closing LaunchDarkly Client
2026-02-05 01:06:25 [SpringApplicationShutdownHook] INFO  c.l.sdk.server.LDClient.DataSource - Closing LaunchDarkly StreamProcessor
2026-02-05 01:06:34 [main] INFO  o.example.nexfit.NexFitApplication - Starting NexFitApplication using Java 17.0.6 with PID 20701 (/Users/kritip/Pokemon/NexFit-BE/target/classes started by kritip in /Users/kritip/Pokemon/NexFit-BE)
2026-02-05 01:06:34 [main] DEBUG o.example.nexfit.NexFitApplication - Running with Spring Boot v4.0.0, Spring v7.0.1
2026-02-05 01:06:34 [main] INFO  o.example.nexfit.NexFitApplication - The following 1 profile is active: "local"
2026-02-05 01:06:34 [main] INFO  o.s.d.r.c.RepositoryConfigurationDelegate - Bootstrapping Spring Data MongoDB repositories in DEFAULT mode.
2026-02-05 01:06:34 [main] INFO  o.s.d.r.c.RepositoryConfigurationDelegate - Finished Spring Data repository scanning in 28 ms. Found 13 MongoDB repository interfaces.
2026-02-05 01:06:35 [main] INFO  o.s.boot.tomcat.TomcatWebServer - Tomcat initialized with port 8080 (http)
2026-02-05 01:06:35 [main] INFO  o.a.catalina.core.StandardService - Starting service [Tomcat]
2026-02-05 01:06:35 [main] INFO  o.a.catalina.core.StandardEngine - Starting Servlet engine: [Apache Tomcat/11.0.14]
2026-02-05 01:06:35 [main] INFO  o.s.b.w.c.s.WebApplicationContextInitializer - Root WebApplicationContext: initialization completed in 635 ms
2026-02-05 01:06:35 [main] INFO  org.mongodb.driver.client - MongoClient with metadata {"driver": {"name": "mongo-java-driver|sync", "version": "5.6.1"}, "os": {"type": "Darwin", "name": "Mac OS X", "architecture": "aarch64", "version": "15.2"}, "platform": "Java/Amazon.com Inc./17.0.6+10-LTS"} created with settings MongoClientSettings{readPreference=primary, writeConcern=WriteConcern{w=null, wTimeout=null ms, journal=null}, retryWrites=true, retryReads=true, readConcern=ReadConcern{level=null}, credential=null, transportSettings=null, commandListeners=[], codecRegistry=ProvidersCodecRegistry{codecProviders=[ValueCodecProvider{}, BsonValueCodecProvider{}, DBRefCodecProvider{}, DBObjectCodecProvider{}, DocumentCodecProvider{}, CollectionCodecProvider{}, IterableCodecProvider{}, MapCodecProvider{}, GeoJsonCodecProvider{}, GridFSFileCodecProvider{}, Jsr310CodecProvider{}, JsonObjectCodecProvider{}, BsonCodecProvider{}, com.mongodb.client.model.mql.ExpressionCodecProvider@73b74615, com.mongodb.Jep395RecordCodecProvider@22686ddb, com.mongodb.KotlinCodecProvider@2e29f28e, EnumCodecProvider{}]}, loggerSettings=LoggerSettings{maxDocumentLength=1000}, clusterSettings={hosts=[localhost:27017], srvServiceName=mongodb, mode=SINGLE, requiredClusterType=UNKNOWN, requiredReplicaSetName='null', serverSelector='null', clusterListeners='[]', serverSelectionTimeout='30000 ms', localThreshold='15 ms'}, socketSettings=SocketSettings{connectTimeoutMS=10000, readTimeoutMS=0, receiveBufferSize=0, proxySettings=ProxySettings{host=null, port=null, username=null, password=null}}, heartbeatSocketSettings=SocketSettings{connectTimeoutMS=10000, readTimeoutMS=10000, receiveBufferSize=0, proxySettings=ProxySettings{host=null, port=null, username=null, password=null}}, connectionPoolSettings=ConnectionPoolSettings{maxSize=100, minSize=0, maxWaitTimeMS=120000, maxConnectionLifeTimeMS=0, maxConnectionIdleTimeMS=0, maintenanceInitialDelayMS=0, maintenanceFrequencyMS=60000, connectionPoolListeners=[], maxConnecting=2}, serverSettings=ServerSettings{heartbeatFrequencyMS=10000, minHeartbeatFrequencyMS=500, serverMonitoringMode=AUTO, serverListeners='[]', serverMonitorListeners='[]'}, sslSettings=SslSettings{enabled=false, invalidHostNameAllowed=false, context=null}, applicationName='null', compressorList=[], uuidRepresentation=UNSPECIFIED, serverApi=null, autoEncryptionSettings=null, dnsClient=null, inetAddressResolver=null, contextProvider=null, timeoutMS=null}
2026-02-05 01:06:35 [cluster-ClusterId{value='69839fc3b02566b867e546c2', description='null'}-localhost:27017] INFO  org.mongodb.driver.cluster - Monitor thread successfully connected to server with description ServerDescription{address=localhost:27017, type=STANDALONE, cryptd=false, state=CONNECTED, ok=true, minWireVersion=0, maxWireVersion=13, maxDocumentSize=16777216, logicalSessionTimeoutMinutes=30, roundTripTimeNanos=12585375, minRoundTripTimeNanos=0}
2026-02-05 01:06:35 [main] DEBUG o.e.n.s.JwtAuthenticationFilter - Filter 'jwtAuthenticationFilter' configured for use
2026-02-05 01:06:35 [main] DEBUG o.e.n.s.TrainerJwtAuthenticationFilter - Filter 'trainerJwtAuthenticationFilter' configured for use
2026-02-05 01:06:36 [main] INFO  o.e.n.service.impl.S3ServiceImpl - S3 service initialized successfully with bucket: nexfit-media-prod
2026-02-05 01:06:36 [main] INFO  o.s.s.c.a.a.c.InitializeAuthenticationProviderBeanManagerConfigurer$InitializeAuthenticationProviderManagerConfigurer - Global AuthenticationManager configured with AuthenticationProvider bean with name authenticationProvider
2026-02-05 01:06:36 [main] WARN  o.s.s.c.a.a.c.InitializeUserDetailsBeanManagerConfigurer$InitializeUserDetailsManagerConfigurer - Global AuthenticationManager configured with an AuthenticationProvider bean. UserDetailsService beans will not be used by Spring Security for automatically configuring username/password login. Consider removing the AuthenticationProvider bean. Alternatively, consider using the UserDetailsService in a manually instantiated DaoAuthenticationProvider. If the current configuration is intentional, to turn off this warning, increase the logging level of 'org.springframework.security.config.annotation.authentication.configuration.InitializeUserDetailsBeanManagerConfigurer' to ERROR
2026-02-05 01:06:36 [main] INFO  c.l.sdk.server.LDClient.DataSource - Enabling streaming API
2026-02-05 01:06:36 [main] INFO  c.launchdarkly.sdk.server.LDClient - Waiting up to 5000 milliseconds for LaunchDarkly client to start...
2026-02-05 01:06:37 [main] INFO  o.e.n.s.impl.LaunchDarklyServiceImpl - LaunchDarkly client initialized for flag verified-trainers
2026-02-05 01:06:37 [LaunchDarkly-streaming] INFO  c.l.sdk.server.LDClient.DataSource - Initialized LaunchDarkly client.
2026-02-05 01:06:37 [main] INFO  o.s.b.a.e.web.EndpointLinksResolver - Exposing 3 endpoints beneath base path '/actuator'
2026-02-05 01:06:37 [main] INFO  o.s.boot.tomcat.TomcatWebServer - Tomcat started on port 8080 (http) with context path '/api/v1'
2026-02-05 01:06:37 [main] INFO  o.example.nexfit.NexFitApplication - Started NexFitApplication in 3.431 seconds (process running for 3.612)
2026-02-05 01:06:37 [main] INFO  o.example.nexfit.config.DataSeeder - Seeder skipped: user/trainer data already exists.
2026-02-05 01:06:43 [http-nio-8080-exec-1] INFO  o.a.c.c.C.[.[localhost].[/api/v1] - Initializing Spring DispatcherServlet 'dispatcherServlet'
2026-02-05 01:06:43 [http-nio-8080-exec-1] INFO  o.s.web.servlet.DispatcherServlet - Initializing Servlet 'dispatcherServlet'
2026-02-05 01:06:43 [http-nio-8080-exec-1] INFO  o.s.web.servlet.DispatcherServlet - Completed initialization in 2 ms
2026-02-05 01:06:43 [http-nio-8080-exec-1] INFO  o.e.n.s.i.AuthenticationServiceImpl - User logged out
2026-02-05 01:06:48 [http-nio-8080-exec-3] DEBUG o.e.n.service.impl.FeedServiceImpl - Generating feed for user: 698385aa26a9e7e6bf3dbe9c
2026-02-05 01:06:48 [http-nio-8080-exec-3] INFO  o.e.n.service.impl.FeedServiceImpl - === FEED TRAINER DEBUG ===
2026-02-05 01:06:48 [http-nio-8080-exec-3] INFO  o.e.n.service.impl.FeedServiceImpl - Trainer: id=698274ddfd431dd03d3bb2c9, name=Mason Harris
2026-02-05 01:06:48 [http-nio-8080-exec-3] INFO  o.e.n.service.impl.FeedServiceImpl - FeaturedVideo: type=video, mediaUrl=https://nexfit-media-prod.s3.ap-southeast-2.amazonaws.com/videos/1000205829.mp4, thumbnailUrl=https://images.unsplash.com/photo-1571019614242-c5c5dee9f50b?w=800
2026-02-05 01:06:48 [http-nio-8080-exec-3] INFO  o.e.n.service.impl.FeedServiceImpl - Media count: 5
2026-02-05 01:06:48 [http-nio-8080-exec-3] INFO  o.e.n.service.impl.FeedServiceImpl -   Media: type=video, url=https://nexfit-media-prod.s3.ap-southeast-2.amazonaws.com/videos/1000205829.mp4
2026-02-05 01:06:48 [http-nio-8080-exec-3] INFO  o.e.n.service.impl.FeedServiceImpl -   Media: type=video, url=https://nexfit-media-prod.s3.ap-southeast-2.amazonaws.com/videos/1000206220.mp4
2026-02-05 01:06:48 [http-nio-8080-exec-3] INFO  o.e.n.service.impl.FeedServiceImpl -   Media: type=video, url=https://nexfit-media-prod.s3.ap-southeast-2.amazonaws.com/videos/1000212101.mp4
2026-02-05 01:06:48 [http-nio-8080-exec-3] INFO  o.e.n.service.impl.FeedServiceImpl -   Media: type=image, url=https://images.pexels.com/photos/3775566/pexels-photo-3775566.jpeg?auto=compress&cs=tinysrgb&w=800
2026-02-05 01:06:48 [http-nio-8080-exec-3] INFO  o.e.n.service.impl.FeedServiceImpl -   Media: type=image, url=https://images.pexels.com/photos/5473182/pexels-photo-5473182.jpeg?auto=compress&cs=tinysrgb&w=800
2026-02-05 01:06:48 [http-nio-8080-exec-3] INFO  o.e.n.service.impl.FeedServiceImpl - === END DEBUG ===
2026-02-05 01:07:43 [http-nio-8080-exec-5] DEBUG o.e.n.service.impl.FeedServiceImpl - Generating feed for user: 698385aa26a9e7e6bf3dbe9c
2026-02-05 01:07:43 [http-nio-8080-exec-5] INFO  o.e.n.service.impl.FeedServiceImpl - === FEED TRAINER DEBUG ===
2026-02-05 01:07:43 [http-nio-8080-exec-5] INFO  o.e.n.service.impl.FeedServiceImpl - Trainer: id=698274ddfd431dd03d3bb2c9, name=Mason Harris
2026-02-05 01:07:43 [http-nio-8080-exec-5] INFO  o.e.n.service.impl.FeedServiceImpl - FeaturedVideo: type=video, mediaUrl=https://nexfit-media-prod.s3.ap-southeast-2.amazonaws.com/videos/1000205829.mp4, thumbnailUrl=https://images.unsplash.com/photo-1571019614242-c5c5dee9f50b?w=800
2026-02-05 01:07:43 [http-nio-8080-exec-5] INFO  o.e.n.service.impl.FeedServiceImpl - Media count: 5
2026-02-05 01:07:43 [http-nio-8080-exec-5] INFO  o.e.n.service.impl.FeedServiceImpl -   Media: type=video, url=https://nexfit-media-prod.s3.ap-southeast-2.amazonaws.com/videos/1000205829.mp4
2026-02-05 01:07:43 [http-nio-8080-exec-5] INFO  o.e.n.service.impl.FeedServiceImpl -   Media: type=video, url=https://nexfit-media-prod.s3.ap-southeast-2.amazonaws.com/videos/1000206220.mp4
2026-02-05 01:07:43 [http-nio-8080-exec-5] INFO  o.e.n.service.impl.FeedServiceImpl -   Media: type=video, url=https://nexfit-media-prod.s3.ap-southeast-2.amazonaws.com/videos/1000212101.mp4
2026-02-05 01:07:43 [http-nio-8080-exec-5] INFO  o.e.n.service.impl.FeedServiceImpl -   Media: type=image, url=https://images.pexels.com/photos/3775566/pexels-photo-3775566.jpeg?auto=compress&cs=tinysrgb&w=800
2026-02-05 01:07:43 [http-nio-8080-exec-5] INFO  o.e.n.service.impl.FeedServiceImpl -   Media: type=image, url=https://images.pexels.com/photos/5473182/pexels-photo-5473182.jpeg?auto=compress&cs=tinysrgb&w=800
2026-02-05 01:07:43 [http-nio-8080-exec-5] INFO  o.e.n.service.impl.FeedServiceImpl - === END DEBUG ===
2026-02-05 01:11:48 [http-nio-8080-exec-7] DEBUG o.e.n.service.impl.FeedServiceImpl - Generating feed for user: 698385aa26a9e7e6bf3dbe9c
2026-02-05 01:11:48 [http-nio-8080-exec-7] INFO  o.e.n.service.impl.FeedServiceImpl - === FEED TRAINER DEBUG ===
2026-02-05 01:11:48 [http-nio-8080-exec-7] INFO  o.e.n.service.impl.FeedServiceImpl - Trainer: id=698399f1a056fd1fa28b3fa1, name=Lachie
2026-02-05 01:11:48 [http-nio-8080-exec-7] INFO  o.e.n.service.impl.FeedServiceImpl - FeaturedVideo: type=video, mediaUrl=https://nexfit-media-prod.s3.ap-southeast-2.amazonaws.com/dev/trainers/698399f1a056fd1fa28b3fa1/media/video/b6b00cd2-a0f2-4fe5-b24d-4f0c765761b4.mp4, thumbnailUrl=https://nexfit-media-prod.s3.ap-southeast-2.amazonaws.com/dev/trainers/698399f1a056fd1fa28b3fa1/media/image/745a4fbc-44eb-41ea-bf9b-b426cc56b3f6.jpg
2026-02-05 01:11:48 [http-nio-8080-exec-7] INFO  o.e.n.service.impl.FeedServiceImpl - Media count: 5
2026-02-05 01:11:48 [http-nio-8080-exec-7] INFO  o.e.n.service.impl.FeedServiceImpl -   Media: type=image, url=https://nexfit-media-prod.s3.ap-southeast-2.amazonaws.com/dev/trainers/698399f1a056fd1fa28b3fa1/media/image/3456e525-1dd0-44de-9833-3c3157c9994f.jpg
2026-02-05 01:11:48 [http-nio-8080-exec-7] INFO  o.e.n.service.impl.FeedServiceImpl -   Media: type=video, url=https://nexfit-media-prod.s3.ap-southeast-2.amazonaws.com/dev/trainers/698399f1a056fd1fa28b3fa1/media/video/b6b00cd2-a0f2-4fe5-b24d-4f0c765761b4.mp4
2026-02-05 01:11:48 [http-nio-8080-exec-7] INFO  o.e.n.service.impl.FeedServiceImpl -   Media: type=video, url=https://nexfit-media-prod.s3.ap-southeast-2.amazonaws.com/dev/trainers/698399f1a056fd1fa28b3fa1/media/video/7d601116-8aef-4deb-b3ba-9caa02093d64.mp4
2026-02-05 01:11:48 [http-nio-8080-exec-7] INFO  o.e.n.service.impl.FeedServiceImpl -   Media: type=image, url=https://nexfit-media-prod.s3.ap-southeast-2.amazonaws.com/dev/trainers/698399f1a056fd1fa28b3fa1/media/image/8eae9e6a-36c4-4942-aabe-a67f5b4f7e70.jpg
2026-02-05 01:11:48 [http-nio-8080-exec-7] INFO  o.e.n.service.impl.FeedServiceImpl -   Media: type=video, url=https://nexfit-media-prod.s3.ap-southeast-2.amazonaws.com/dev/trainers/698399f1a056fd1fa28b3fa1/media/video/3ed0a943-e268-4229-a2d2-8a144195db4b.mp4
2026-02-05 01:11:48 [http-nio-8080-exec-7] INFO  o.e.n.service.impl.FeedServiceImpl - === END DEBUG ===
2026-02-05 01:18:21 [SpringApplicationShutdownHook] INFO  o.s.boot.tomcat.GracefulShutdown - Commencing graceful shutdown. Waiting for active requests to complete
2026-02-05 01:18:23 [tomcat-shutdown] INFO  o.s.boot.tomcat.GracefulShutdown - Graceful shutdown complete
2026-02-05 01:18:23 [SpringApplicationShutdownHook] INFO  c.launchdarkly.sdk.server.LDClient - Closing LaunchDarkly Client
2026-02-05 01:18:23 [SpringApplicationShutdownHook] INFO  c.l.sdk.server.LDClient.DataSource - Closing LaunchDarkly StreamProcessor
2026-02-05 01:18:30 [main] INFO  o.example.nexfit.NexFitApplication - Starting NexFitApplication using Java 17.0.6 with PID 38966 (/Users/kritip/Pokemon/NexFit-BE/target/classes started by kritip in /Users/kritip/Pokemon/NexFit-BE)
2026-02-05 01:18:30 [main] DEBUG o.example.nexfit.NexFitApplication - Running with Spring Boot v4.0.0, Spring v7.0.1
2026-02-05 01:18:30 [main] INFO  o.example.nexfit.NexFitApplication - The following 1 profile is active: "local"
2026-02-05 01:18:31 [main] INFO  o.s.d.r.c.RepositoryConfigurationDelegate - Bootstrapping Spring Data MongoDB repositories in DEFAULT mode.
2026-02-05 01:18:31 [main] INFO  o.s.d.r.c.RepositoryConfigurationDelegate - Finished Spring Data repository scanning in 25 ms. Found 13 MongoDB repository interfaces.
2026-02-05 01:18:31 [main] INFO  o.s.boot.tomcat.TomcatWebServer - Tomcat initialized with port 8080 (http)
2026-02-05 01:18:31 [main] INFO  o.a.catalina.core.StandardService - Starting service [Tomcat]
2026-02-05 01:18:31 [main] INFO  o.a.catalina.core.StandardEngine - Starting Servlet engine: [Apache Tomcat/11.0.14]
2026-02-05 01:18:31 [main] INFO  o.s.b.w.c.s.WebApplicationContextInitializer - Root WebApplicationContext: initialization completed in 596 ms
2026-02-05 01:18:31 [main] INFO  org.mongodb.driver.client - MongoClient with metadata {"driver": {"name": "mongo-java-driver|sync", "version": "5.6.1"}, "os": {"type": "Darwin", "name": "Mac OS X", "architecture": "aarch64", "version": "15.2"}, "platform": "Java/Amazon.com Inc./17.0.6+10-LTS"} created with settings MongoClientSettings{readPreference=primary, writeConcern=WriteConcern{w=null, wTimeout=null ms, journal=null}, retryWrites=true, retryReads=true, readConcern=ReadConcern{level=null}, credential=null, transportSettings=null, commandListeners=[], codecRegistry=ProvidersCodecRegistry{codecProviders=[ValueCodecProvider{}, BsonValueCodecProvider{}, DBRefCodecProvider{}, DBObjectCodecProvider{}, DocumentCodecProvider{}, CollectionCodecProvider{}, IterableCodecProvider{}, MapCodecProvider{}, GeoJsonCodecProvider{}, GridFSFileCodecProvider{}, Jsr310CodecProvider{}, JsonObjectCodecProvider{}, BsonCodecProvider{}, com.mongodb.client.model.mql.ExpressionCodecProvider@7e3ee128, com.mongodb.Jep395RecordCodecProvider@7d64a960, com.mongodb.KotlinCodecProvider@166ce247, EnumCodecProvider{}]}, loggerSettings=LoggerSettings{maxDocumentLength=1000}, clusterSettings={hosts=[localhost:27017], srvServiceName=mongodb, mode=SINGLE, requiredClusterType=UNKNOWN, requiredReplicaSetName='null', serverSelector='null', clusterListeners='[]', serverSelectionTimeout='30000 ms', localThreshold='15 ms'}, socketSettings=SocketSettings{connectTimeoutMS=10000, readTimeoutMS=0, receiveBufferSize=0, proxySettings=ProxySettings{host=null, port=null, username=null, password=null}}, heartbeatSocketSettings=SocketSettings{connectTimeoutMS=10000, readTimeoutMS=10000, receiveBufferSize=0, proxySettings=ProxySettings{host=null, port=null, username=null, password=null}}, connectionPoolSettings=ConnectionPoolSettings{maxSize=100, minSize=0, maxWaitTimeMS=120000, maxConnectionLifeTimeMS=0, maxConnectionIdleTimeMS=0, maintenanceInitialDelayMS=0, maintenanceFrequencyMS=60000, connectionPoolListeners=[], maxConnecting=2}, serverSettings=ServerSettings{heartbeatFrequencyMS=10000, minHeartbeatFrequencyMS=500, serverMonitoringMode=AUTO, serverListeners='[]', serverMonitorListeners='[]'}, sslSettings=SslSettings{enabled=false, invalidHostNameAllowed=false, context=null}, applicationName='null', compressorList=[], uuidRepresentation=UNSPECIFIED, serverApi=null, autoEncryptionSettings=null, dnsClient=null, inetAddressResolver=null, contextProvider=null, timeoutMS=null}
2026-02-05 01:18:31 [cluster-ClusterId{value='6983a28f195242ace25de828', description='null'}-localhost:27017] INFO  org.mongodb.driver.cluster - Monitor thread successfully connected to server with description ServerDescription{address=localhost:27017, type=STANDALONE, cryptd=false, state=CONNECTED, ok=true, minWireVersion=0, maxWireVersion=13, maxDocumentSize=16777216, logicalSessionTimeoutMinutes=30, roundTripTimeNanos=6301500, minRoundTripTimeNanos=0}
2026-02-05 01:18:31 [main] DEBUG o.e.n.s.JwtAuthenticationFilter - Filter 'jwtAuthenticationFilter' configured for use
2026-02-05 01:18:31 [main] DEBUG o.e.n.s.TrainerJwtAuthenticationFilter - Filter 'trainerJwtAuthenticationFilter' configured for use
2026-02-05 01:18:32 [main] INFO  o.e.n.service.impl.S3ServiceImpl - S3 service initialized successfully with bucket: nexfit-media-prod
2026-02-05 01:18:32 [main] INFO  o.s.s.c.a.a.c.InitializeAuthenticationProviderBeanManagerConfigurer$InitializeAuthenticationProviderManagerConfigurer - Global AuthenticationManager configured with AuthenticationProvider bean with name authenticationProvider
2026-02-05 01:18:32 [main] WARN  o.s.s.c.a.a.c.InitializeUserDetailsBeanManagerConfigurer$InitializeUserDetailsManagerConfigurer - Global AuthenticationManager configured with an AuthenticationProvider bean. UserDetailsService beans will not be used by Spring Security for automatically configuring username/password login. Consider removing the AuthenticationProvider bean. Alternatively, consider using the UserDetailsService in a manually instantiated DaoAuthenticationProvider. If the current configuration is intentional, to turn off this warning, increase the logging level of 'org.springframework.security.config.annotation.authentication.configuration.InitializeUserDetailsBeanManagerConfigurer' to ERROR
2026-02-05 01:18:32 [main] INFO  c.l.sdk.server.LDClient.DataSource - Enabling streaming API
2026-02-05 01:18:32 [main] INFO  c.launchdarkly.sdk.server.LDClient - Waiting up to 5000 milliseconds for LaunchDarkly client to start...
2026-02-05 01:18:33 [main] INFO  o.e.n.s.impl.LaunchDarklyServiceImpl - LaunchDarkly client initialized for flag verified-trainers
2026-02-05 01:18:33 [LaunchDarkly-streaming] INFO  c.l.sdk.server.LDClient.DataSource - Initialized LaunchDarkly client.
2026-02-05 01:18:34 [main] INFO  o.s.b.a.e.web.EndpointLinksResolver - Exposing 3 endpoints beneath base path '/actuator'
2026-02-05 01:18:34 [main] INFO  o.s.boot.tomcat.TomcatWebServer - Tomcat started on port 8080 (http) with context path '/api/v1'
2026-02-05 01:18:34 [main] INFO  o.example.nexfit.NexFitApplication - Started NexFitApplication in 3.418 seconds (process running for 3.55)
2026-02-05 01:18:34 [main] INFO  o.example.nexfit.config.DataSeeder - Seeder skipped: user/trainer data already exists.
2026-02-05 01:18:45 [http-nio-8080-exec-1] INFO  o.a.c.c.C.[.[localhost].[/api/v1] - Initializing Spring DispatcherServlet 'dispatcherServlet'
2026-02-05 01:18:45 [http-nio-8080-exec-1] INFO  o.s.web.servlet.DispatcherServlet - Initializing Servlet 'dispatcherServlet'
2026-02-05 01:18:45 [http-nio-8080-exec-1] INFO  o.s.web.servlet.DispatcherServlet - Completed initialization in 2 ms
2026-02-05 01:18:45 [http-nio-8080-exec-1] INFO  o.e.n.s.i.AuthenticationServiceImpl - User logged out
2026-02-05 01:18:52 [http-nio-8080-exec-3] DEBUG o.e.n.service.impl.FeedServiceImpl - Generating feed for user: 698385aa26a9e7e6bf3dbe9c
2026-02-05 01:18:52 [http-nio-8080-exec-3] INFO  o.e.n.service.impl.FeedServiceImpl - === FEED TRAINER DEBUG ===
2026-02-05 01:18:52 [http-nio-8080-exec-3] INFO  o.e.n.service.impl.FeedServiceImpl - Trainer: id=698274ddfd431dd03d3bb2c8, name=Olivia Nguyen
2026-02-05 01:18:52 [http-nio-8080-exec-3] INFO  o.e.n.service.impl.FeedServiceImpl - FeaturedVideo: type=video, mediaUrl=https://nexfit-media-prod.s3.ap-southeast-2.amazonaws.com/videos/1000205143.mp4, thumbnailUrl=https://images.unsplash.com/photo-1571019614242-c5c5dee9f50b?w=800
2026-02-05 01:18:52 [http-nio-8080-exec-3] INFO  o.e.n.service.impl.FeedServiceImpl - Media count: 1
2026-02-05 01:18:52 [http-nio-8080-exec-3] INFO  o.e.n.service.impl.FeedServiceImpl -   Media: type=video, url=https://nexfit-media-prod.s3.ap-southeast-2.amazonaws.com/videos/1000205143.mp4
2026-02-05 01:18:52 [http-nio-8080-exec-3] INFO  o.e.n.service.impl.FeedServiceImpl - === END DEBUG ===
2026-02-05 01:23:16 [http-nio-8080-exec-5] DEBUG o.e.n.service.impl.FeedServiceImpl - Generating feed for user: 698385aa26a9e7e6bf3dbe9c
2026-02-05 01:23:17 [http-nio-8080-exec-5] INFO  o.e.n.service.impl.FeedServiceImpl - === FEED TRAINER DEBUG ===
2026-02-05 01:23:17 [http-nio-8080-exec-5] INFO  o.e.n.service.impl.FeedServiceImpl - Trainer: id=698399f1a056fd1fa28b3fa1, name=Lachie
2026-02-05 01:23:17 [http-nio-8080-exec-5] INFO  o.e.n.service.impl.FeedServiceImpl - FeaturedVideo: type=video, mediaUrl=https://nexfit-media-prod.s3.ap-southeast-2.amazonaws.com/dev/trainers/698399f1a056fd1fa28b3fa1/media/video/b6b00cd2-a0f2-4fe5-b24d-4f0c765761b4.mp4, thumbnailUrl=https://nexfit-media-prod.s3.ap-southeast-2.amazonaws.com/dev/trainers/698399f1a056fd1fa28b3fa1/media/image/745a4fbc-44eb-41ea-bf9b-b426cc56b3f6.jpg
2026-02-05 01:23:17 [http-nio-8080-exec-5] INFO  o.e.n.service.impl.FeedServiceImpl - Media count: 1
2026-02-05 01:23:17 [http-nio-8080-exec-5] INFO  o.e.n.service.impl.FeedServiceImpl -   Media: type=video, url=https://nexfit-media-prod.s3.ap-southeast-2.amazonaws.com/dev/trainers/698399f1a056fd1fa28b3fa1/media/video/b6b00cd2-a0f2-4fe5-b24d-4f0c765761b4.mp4
2026-02-05 01:23:17 [http-nio-8080-exec-5] INFO  o.e.n.service.impl.FeedServiceImpl - === END DEBUG ===
2026-02-05 01:24:48 [http-nio-8080-exec-7] INFO  o.e.n.s.i.AuthenticationServiceImpl - User logged out
